<?xml version="1.0" encoding="UTF-8"?>
<!-- Generated by org.testng.reporters.JUnitXMLReporter -->
<testsuite ignored="0" hostname="ATMECSCBELT-022" failures="1" tests="5" name="SmokeTestSuite" time="8.636" errors="0" timestamp="2023-09-07T11:54:01 IST">
  <testcase classname="org.atmecs.h3d.reusables.HelperClass" name="closeBrowser" time="0.286"/>
  <testcase classname="org.atmecs.h3d.reusables.HelperClass" name="selectBrowser" time="2.295"/>
  <testcase classname="org.atmecs.h3d.testscripts.LoginPage" name="invalidCredentialsWithValidUsernameandInValidPassword" time="1.154"/>
  <testcase classname="org.atmecs.h3d.testscripts.LoginPage" name="invalidCredentialsWithInValidUsernameandValidPassword" time="0.494"/>
  <testcase classname="org.atmecs.h3d.testscripts.LoginPage" name="validCredentials" time="0.385">
    <failure type="java.lang.AssertionError" message="expected [null] but found [H3D - WebApp]">
      <![CDATA[java.lang.AssertionError: expected [null] but found [H3D - WebApp]
at org.atmecs.h3d.actions.LoginPageActions.validLogin(LoginPageActions.java:32)
at org.atmecs.h3d.testscripts.LoginPage.validCredentials(LoginPage.java:55)
at java.base/java.util.ArrayList.forEach(ArrayList.java:1511)
... Removed 33 stack frames]]>
    </failure>
  </testcase> <!-- validCredentials -->
</testsuite> <!-- SmokeTestSuite -->
