<?xml version="1.0" encoding="UTF-8"?>
<!-- Generated by org.testng.reporters.JUnitXMLReporter -->
<testsuite ignored="0" hostname="ATMECSCBELT-022" failures="1" tests="4" name="Test" time="0.074" errors="0" timestamp="2023-09-06T11:40:57 IST">
  <testcase classname="org.atmecs.h3d.reusables.HelperClass" name="@BeforeTest selectBrowser" time="-1.693980657183E9">
    <failure type="org.testng.TestNGException" message="
Parameter &amp;apos;browser&amp;apos; is required by BeforeTest on method selectBrowser but has not been marked @Optional or defined
in D:\H3DUITESTING\H3D\testng.xml">
      <![CDATA[org.testng.TestNGException: 
Parameter 'browser' is required by BeforeTest on method selectBrowser but has not been marked @Optional or defined
in D:\H3DUITESTING\H3D\testng.xml
... Removed 21 stack frames]]>
    </failure>
  </testcase> <!-- @BeforeTest selectBrowser -->
  <testcase classname="org.atmecs.h3d.reusables.HelperClass" name="@AfterTest closeBrowser" time="0.0">
    <skipped/>
  </testcase> <!-- @AfterTest closeBrowser -->
  <testcase classname="org.atmecs.h3d.reusables.HelperClass" name="closeBrowser" time="0.0">
    <skipped/>
  </testcase> <!-- closeBrowser -->
  <testcase classname="org.atmecs.h3d.reusables.HelperClass" name="selectBrowser" time="0.0">
    <failure type="org.testng.TestNGException" message="
Parameter &amp;apos;browser&amp;apos; is required by @Test on method selectBrowser but has not been marked @Optional or defined
in D:\H3DUITESTING\H3D\testng.xml">
      <![CDATA[org.testng.TestNGException: 
Parameter 'browser' is required by @Test on method selectBrowser but has not been marked @Optional or defined
in D:\H3DUITESTING\H3D\testng.xml
at java.base/java.util.ArrayList.forEach(ArrayList.java:1511)
... Removed 26 stack frames]]>
    </failure>
  </testcase> <!-- selectBrowser -->
  <testcase classname="org.atmecs.h3d.testscripts.LoginPage" name="validCredentials" time="0.0">
    <skipped/>
  </testcase> <!-- validCredentials -->
  <testcase classname="org.atmecs.h3d.testscripts.LoginPage" name="invalidcredentials" time="0.0">
    <skipped/>
  </testcase> <!-- invalidcredentials -->
</testsuite> <!-- Test -->
